<?xml version="1.0" encoding="UTF-8"?>
<!-- Generated by org.testng.reporters.JUnitReportReporter -->
<testsuite hostname="DESKTOP-SNDL0E0" failures="0" tests="1" name="ImpressionOnlinePackage.copy.OpenBrowser" time="11.532" errors="0" timestamp="2020-03-12T12:24:00 IST" skipped="0">
  <testcase classname="ImpressionOnlinePackage.copy.OpenBrowser" name="browser" time="11.532"/>
</testsuite> <!-- ImpressionOnlinePackage.copy.OpenBrowser -->
