<?xml version="1.0" encoding="UTF-8"?>
<!-- Generated by org.testng.reporters.JUnitReportReporter -->
<testsuite hostname="DESKTOP-SNDL0E0" failures="0" tests="1" name="ImpressionOnlinePackage.copy.ContactForm" time="0.014" errors="0" timestamp="2020-03-12T12:57:28 IST" skipped="0">
  <testcase classname="ImpressionOnlinePackage.copy.ContactForm" name="contactform" time="0.014"/>
</testsuite> <!-- ImpressionOnlinePackage.copy.ContactForm -->
