<?xml version="1.0" encoding="UTF-8"?>
<!-- Generated by org.testng.reporters.JUnitReportReporter -->
<testsuite hostname="DESKTOP-SNDL0E0" failures="0" tests="10" name="ImpressionOnlinePackage.ContactForm" time="14.729" errors="0" timestamp="2020-03-17T18:35:07 IST" skipped="0">
  <testcase classname="ImpressionOnlinePackage.ContactForm" name="opencontactForm" time="6.749"/>
  <testcase classname="ImpressionOnlinePackage.ContactForm" name="scrollingThePage" time="3.072"/>
  <testcase classname="ImpressionOnlinePackage.ContactForm" name="fillTheForm" time="0.142"/>
  <testcase classname="ImpressionOnlinePackage.ContactForm" name="fillPhoneNo" time="0.085"/>
  <testcase classname="ImpressionOnlinePackage.ContactForm" name="fillemail" time="0.123"/>
  <testcase classname="ImpressionOnlinePackage.ContactForm" name="fillDescription" time="0.224"/>
  <testcase classname="ImpressionOnlinePackage.ContactForm" name="sendMessageClick" time="1.210"/>
  <testcase classname="ImpressionOnlinePackage.ContactForm" name="alertHandling" time="3.055"/>
  <testcase classname="ImpressionOnlinePackage.ContactForm" name="HoverOnProducts" time="0.063"/>
  <testcase classname="ImpressionOnlinePackage.ContactForm" name="verifyTitle" time="0.006"/>
</testsuite> <!-- ImpressionOnlinePackage.ContactForm -->
